0 info it worked if it ends with ok
1 verbose cli [ 'C:\\Program Files\\nodejs\\node.exe',
1 verbose cli   'C:\\Users\\DeadBlue\\AppData\\Roaming\\npm\\node_modules\\npm\\bin\\npm-cli.js',
1 verbose cli   'start' ]
2 info using npm@3.7.5
3 info using node@v7.5.0
4 verbose run-script [ 'prestart', 'start', 'poststart' ]
5 info lifecycle voting_app@0.1.0~prestart: voting_app@0.1.0
6 silly lifecycle voting_app@0.1.0~prestart: no script for prestart, continuing
7 info lifecycle voting_app@0.1.0~start: voting_app@0.1.0
8 verbose lifecycle voting_app@0.1.0~start: unsafe-perm in lifecycle true
9 verbose lifecycle voting_app@0.1.0~start: PATH: C:\Users\DeadBlue\AppData\Roaming\npm\node_modules\npm\bin\node-gyp-bin;E:\Project\VoteApp\node_modules\.bin;C:\Program Files\nodejs;C:\Program Files\Docker\Docker\Resources\bin;C:\Users\DeadBlue\AppData\Roaming\npm;C:\Users\DeadBlue\AppData\Roaming\nvm;C:\Program Files\nodejs;C:\ProgramData\Oracle\Java\javapath;C:\WINDOWS\system32;C:\WINDOWS;C:\WINDOWS\System32\Wbem;C:\WINDOWS\System32\WindowsPowerShell\v1.0\;C:\Program Files\Git\bin;C:\Program Files (x86)\GtkSharp\2.12\bin;C:\Users\DeadBlue\.dnx\bin;C:\Program Files\Microsoft DNX\Dnvm\;C:\Program Files\Java\jre1.8.0_65\bin;D:\Android\android-sdk\platforms;D:\Android\android-sdk\platform-tools;D:\Android\android-sdk\tools;C:\Program Files\Microsoft\Web Platform Installer\;C:\Python27\;C:\Program Files (x86)\QuickTime\QTSystem\;D:\Program Files (x86)\Heroku\bin;C:\Program Files (x86)\git\cmd;D:\CT;C:\Python27\Scripts;C:\Program Files\Java\jdk1.8.0_60\bin;D:\Oracle\;C:\WINDOWS\system32;C:\WINDOWS;C:\WINDOWS\System32\Wbem;C:\WINDOWS\System32\WindowsPowerShell\v1.0\;D:\CTEX\UserData\miktex\bin;D:\CTEX\MiKTeX\miktex\bin;D:\CTEX\CTeX\ctex\bin;D:\CTEX\CTeX\cct\bin;D:\CTEX\CTeX\ty\bin;D:\CTEX\Ghostscript\gs9.05\bin;D:\CTEX\GSview\gsview;D:\CTEX\WinEdt;C:\Program Files (x86)\Yarn\bin;C:\Program Files (x86)\Brackets\command;F:\Android\SDK\platform-tools;C:\Program Files (x86)\Windows Kits\8.1\Windows Performance Toolkit\;C:\Program Files (x86)\NVIDIA Corporation\PhysX\Common;C:\Users\DeadBlue\AppData\Roaming\npm;C:\Users\DeadBlue\AppData\Roaming\nvm;C:\Program Files\nodejs;C:\Users\DeadBlue\AppData\Local\atom\bin;C:\Program Files (x86)\Microsoft VS Code\bin;C:\Users\DeadBlue\AppData\Local\.meteor\;D:\SSH Communications Security\SSH Secure Shell;c:\python27;c:\python27\Scripts;C:\Users\DeadBlue\AppData\Local\Microsoft\WindowsApps;E:\mysql\bin;C:\Users\DeadBlue\AppData\Local\Yarn\.bin;
10 verbose lifecycle voting_app@0.1.0~start: CWD: E:\Project\VoteApp
11 silly lifecycle voting_app@0.1.0~start: Args: [ '/d /s /c', 'node ./bin/www' ]
12 silly lifecycle voting_app@0.1.0~start: Returned: code: 1  signal: null
13 info lifecycle voting_app@0.1.0~start: Failed to exec start script
14 verbose stack Error: voting_app@0.1.0 start: `node ./bin/www`
14 verbose stack Exit status 1
14 verbose stack     at EventEmitter.<anonymous> (C:\Users\DeadBlue\AppData\Roaming\npm\node_modules\npm\lib\utils\lifecycle.js:239:16)
14 verbose stack     at emitTwo (events.js:106:13)
14 verbose stack     at EventEmitter.emit (events.js:192:7)
14 verbose stack     at ChildProcess.<anonymous> (C:\Users\DeadBlue\AppData\Roaming\npm\node_modules\npm\lib\utils\spawn.js:24:14)
14 verbose stack     at emitTwo (events.js:106:13)
14 verbose stack     at ChildProcess.emit (events.js:192:7)
14 verbose stack     at maybeClose (internal/child_process.js:890:16)
14 verbose stack     at Process.ChildProcess._handle.onexit (internal/child_process.js:226:5)
15 verbose pkgid voting_app@0.1.0
16 verbose cwd E:\Project\VoteApp
17 error Windows_NT 10.0.14393
18 error argv "C:\\Program Files\\nodejs\\node.exe" "C:\\Users\\DeadBlue\\AppData\\Roaming\\npm\\node_modules\\npm\\bin\\npm-cli.js" "start"
19 error node v7.5.0
20 error npm  v3.7.5
21 error code ELIFECYCLE
22 error voting_app@0.1.0 start: `node ./bin/www`
22 error Exit status 1
23 error Failed at the voting_app@0.1.0 start script 'node ./bin/www'.
23 error Make sure you have the latest version of node.js and npm installed.
23 error If you do, this is most likely a problem with the voting_app package,
23 error not with npm itself.
23 error Tell the author that this fails on your system:
23 error     node ./bin/www
23 error You can get information on how to open an issue for this project with:
23 error     npm bugs voting_app
23 error Or if that isn't available, you can get their info via:
23 error     npm owner ls voting_app
23 error There is likely additional logging output above.
24 verbose exit [ 1, true ]
